<?xml version="1.0" encoding="UTF-8"?>
<testsuite xmlns:xsi="http://www.w3.org/2001/XMLSchema-instance" xsi:noNamespaceSchemaLocation="https://maven.apache.org/surefire/maven-surefire-plugin/xsd/surefire-test-report.xsd" name="com.example.tictactoe.service.TicTacToeServiceTest" time="1.157" tests="6" errors="0" skipped="0" failures="5">
  <properties>
[...]
</properties>
  <testcase name="addElementTest_AddXAndIsOTurn_ShouldThrowError" classname="com.example.tictactoe.service.TicTacToeServiceTest" time="0.263">
    <failure message="Expected com.example.tictactoe.exception.TicTacToeServiceException to be thrown, but nothing was thrown." type="org.opentest4j.AssertionFailedError">org.opentest4j.AssertionFailedError: Expected com.example.tictactoe.exception.TicTacToeServiceException to be thrown, but nothing was thrown.
	at com.example.tictactoe.service.TicTacToeServiceTest.addElementTest_AddXAndIsOTurn_ShouldThrowError(TicTacToeServiceTest.java:32)
</failure>
    <system-out><![CDATA[22:13:03.050 [main] DEBUG org.springframework.test.context.BootstrapUtils - Instantiating CacheAwareContextLoaderDelegate from class [org.springframework.test.context.cache.DefaultCacheAwareContextLoaderDelegate]
22:13:03.059 [main] DEBUG org.springframework.test.context.BootstrapUtils - Instantiating BootstrapContext using constructor [public org.springframework.test.context.support.DefaultBootstrapContext(java.lang.Class,org.springframework.test.context.CacheAwareContextLoaderDelegate)]
22:13:03.085 [main] DEBUG org.springframework.test.context.BootstrapUtils - Instantiating TestContextBootstrapper for test class [com.example.tictactoe.service.TicTacToeServiceTest] from class [org.springframework.boot.test.context.SpringBootTestContextBootstrapper]
22:13:03.094 [main] INFO org.springframework.boot.test.context.SpringBootTestContextBootstrapper - Neither @ContextConfiguration nor @ContextHierarchy found for test class [com.example.tictactoe.service.TicTacToeServiceTest], using SpringBootContextLoader
22:13:03.096 [main] DEBUG org.springframework.test.context.support.AbstractContextLoader - Did not detect default resource location for test class [com.example.tictactoe.service.TicTacToeServiceTest]: class path resource [com/example/tictactoe/service/TicTacToeServiceTest-context.xml] does not exist
22:13:03.097 [main] DEBUG org.springframework.test.context.support.AbstractContextLoader - Did not detect default resource location for test class [com.example.tictactoe.service.TicTacToeServiceTest]: class path resource [com/example/tictactoe/service/TicTacToeServiceTestContext.groovy] does not exist
22:13:03.097 [main] INFO org.springframework.test.context.support.AbstractContextLoader - Could not detect default resource locations for test class [com.example.tictactoe.service.TicTacToeServiceTest]: no resource found for suffixes {-context.xml, Context.groovy}.
22:13:03.097 [main] INFO org.springframework.test.context.support.AnnotationConfigContextLoaderUtils - Could not detect default configuration classes for test class [com.example.tictactoe.service.TicTacToeServiceTest]: TicTacToeServiceTest does not declare any static, non-private, non-final, nested classes annotated with @Configuration.
22:13:03.127 [main] DEBUG org.springframework.test.context.support.ActiveProfilesUtils - Could not find an 'annotation declaring class' for annotation type [org.springframework.test.context.ActiveProfiles] and class [com.example.tictactoe.service.TicTacToeServiceTest]
22:13:03.169 [main] DEBUG org.springframework.context.annotation.ClassPathScanningCandidateComponentProvider - Identified candidate component class: file [C:\Users\Kelso\Documents\temp\dev\tic-tac-toe\tictactoe-service\target\test-classes\com\example\tictactoe\service\SpringBootTestApplication.class]
22:13:03.173 [main] INFO org.springframework.boot.test.context.SpringBootTestContextBootstrapper - Found @SpringBootConfiguration com.example.tictactoe.service.SpringBootTestApplication for test class com.example.tictactoe.service.TicTacToeServiceTest
22:13:03.243 [main] DEBUG org.springframework.boot.test.context.SpringBootTestContextBootstrapper - @TestExecutionListeners is not present for class [com.example.tictactoe.service.TicTacToeServiceTest]: using defaults.
22:13:03.243 [main] INFO org.springframework.boot.test.context.SpringBootTestContextBootstrapper - Loaded default TestExecutionListener class names from location [META-INF/spring.factories]: [org.springframework.boot.test.mock.mockito.MockitoTestExecutionListener, org.springframework.boot.test.mock.mockito.ResetMocksTestExecutionListener, org.springframework.boot.test.autoconfigure.restdocs.RestDocsTestExecutionListener, org.springframework.boot.test.autoconfigure.web.client.MockRestServiceServerResetTestExecutionListener, org.springframework.boot.test.autoconfigure.web.servlet.MockMvcPrintOnlyOnFailureTestExecutionListener, org.springframework.boot.test.autoconfigure.web.servlet.WebDriverTestExecutionListener, org.springframework.boot.test.autoconfigure.webservices.client.MockWebServiceServerTestExecutionListener, org.springframework.test.context.web.ServletTestExecutionListener, org.springframework.test.context.support.DirtiesContextBeforeModesTestExecutionListener, org.springframework.test.context.event.ApplicationEventsTestExecutionListener, org.springframework.test.context.support.DependencyInjectionTestExecutionListener, org.springframework.test.context.support.DirtiesContextTestExecutionListener, org.springframework.test.context.transaction.TransactionalTestExecutionListener, org.springframework.test.context.jdbc.SqlScriptsTestExecutionListener, org.springframework.test.context.event.EventPublishingTestExecutionListener]
22:13:03.249 [main] DEBUG org.springframework.boot.test.context.SpringBootTestContextBootstrapper - Skipping candidate TestExecutionListener [org.springframework.test.context.web.ServletTestExecutionListener] due to a missing dependency. Specify custom listener classes or make the default listener classes and their required dependencies available. Offending class: [javax/servlet/ServletContext]
22:13:03.251 [main] DEBUG org.springframework.boot.test.context.SpringBootTestContextBootstrapper - Skipping candidate TestExecutionListener [org.springframework.test.context.transaction.TransactionalTestExecutionListener] due to a missing dependency. Specify custom listener classes or make the default listener classes and their required dependencies available. Offending class: [org/springframework/transaction/interceptor/TransactionAttributeSource]
22:13:03.251 [main] DEBUG org.springframework.boot.test.context.SpringBootTestContextBootstrapper - Skipping candidate TestExecutionListener [org.springframework.test.context.jdbc.SqlScriptsTestExecutionListener] due to a missing dependency. Specify custom listener classes or make the default listener classes and their required dependencies available. Offending class: [org/springframework/transaction/interceptor/TransactionAttribute]
22:13:03.251 [main] INFO org.springframework.boot.test.context.SpringBootTestContextBootstrapper - Using TestExecutionListeners: [org.springframework.test.context.support.DirtiesContextBeforeModesTestExecutionListener@158a3b2e, org.springframework.test.context.event.ApplicationEventsTestExecutionListener@25a6944c, org.springframework.boot.test.mock.mockito.MockitoTestExecutionListener@5e1fa5b1, org.springframework.boot.test.autoconfigure.SpringBootDependencyInjectionTestExecutionListener@6b00f608, org.springframework.test.context.support.DirtiesContextTestExecutionListener@2f17e30d, org.springframework.test.context.event.EventPublishingTestExecutionListener@3e821657, org.springframework.boot.test.mock.mockito.ResetMocksTestExecutionListener@1d131e1b, org.springframework.boot.test.autoconfigure.restdocs.RestDocsTestExecutionListener@71cf1b07, org.springframework.boot.test.autoconfigure.web.client.MockRestServiceServerResetTestExecutionListener@615091b8, org.springframework.boot.test.autoconfigure.web.servlet.MockMvcPrintOnlyOnFailureTestExecutionListener@4fce136b, org.springframework.boot.test.autoconfigure.web.servlet.WebDriverTestExecutionListener@4aa83f4f, org.springframework.boot.test.autoconfigure.webservices.client.MockWebServiceServerTestExecutionListener@43b6123e]
22:13:03.255 [main] DEBUG org.springframework.test.context.support.AbstractDirtiesContextTestExecutionListener - Before test class: context [DefaultTestContext@4c550889 testClass = TicTacToeServiceTest, testInstance = [null], testMethod = [null], testException = [null], mergedContextConfiguration = [MergedContextConfiguration@1d2bd371 testClass = TicTacToeServiceTest, locations = '{}', classes = '{class com.example.tictactoe.service.SpringBootTestApplication}', contextInitializerClasses = '[]', activeProfiles = '{}', propertySourceLocations = '{}', propertySourceProperties = '{org.springframework.boot.test.context.SpringBootTestContextBootstrapper=true}', contextCustomizers = set[org.springframework.boot.test.context.filter.ExcludeFilterContextCustomizer@461ad730, org.springframework.boot.test.json.DuplicateJsonObjectContextCustomizerFactory$DuplicateJsonObjectContextCustomizer@7068e664, org.springframework.boot.test.mock.mockito.MockitoContextCustomizer@0, org.springframework.boot.test.web.client.TestRestTemplateContextCustomizer@4a07d605, org.springframework.boot.test.autoconfigure.actuate.metrics.MetricsExportContextCustomizerFactory$DisableMetricExportContextCustomizer@7ac296f6, org.springframework.boot.test.autoconfigure.properties.PropertyMappingContextCustomizer@0, org.springframework.boot.test.autoconfigure.web.servlet.WebDriverContextCustomizerFactory$Customizer@18ece7f4, org.springframework.boot.test.context.SpringBootTestArgs@1, org.springframework.boot.test.context.SpringBootTestWebEnvironment@3aefe5e5], contextLoader = 'org.springframework.boot.test.context.SpringBootContextLoader', parent = [null]], attributes = map[[empty]]], class annotated with @DirtiesContext [false] with mode [null].
22:13:03.264 [main] DEBUG org.springframework.test.context.support.DependencyInjectionTestExecutionListener - Performing dependency injection for test context [[DefaultTestContext@4c550889 testClass = TicTacToeServiceTest, testInstance = com.example.tictactoe.service.TicTacToeServiceTest@2cc3ad05, testMethod = [null], testException = [null], mergedContextConfiguration = [MergedContextConfiguration@1d2bd371 testClass = TicTacToeServiceTest, locations = '{}', classes = '{class com.example.tictactoe.service.SpringBootTestApplication}', contextInitializerClasses = '[]', activeProfiles = '{}', propertySourceLocations = '{}', propertySourceProperties = '{org.springframework.boot.test.context.SpringBootTestContextBootstrapper=true}', contextCustomizers = set[org.springframework.boot.test.context.filter.ExcludeFilterContextCustomizer@461ad730, org.springframework.boot.test.json.DuplicateJsonObjectContextCustomizerFactory$DuplicateJsonObjectContextCustomizer@7068e664, org.springframework.boot.test.mock.mockito.MockitoContextCustomizer@0, org.springframework.boot.test.web.client.TestRestTemplateContextCustomizer@4a07d605, org.springframework.boot.test.autoconfigure.actuate.metrics.MetricsExportContextCustomizerFactory$DisableMetricExportContextCustomizer@7ac296f6, org.springframework.boot.test.autoconfigure.properties.PropertyMappingContextCustomizer@0, org.springframework.boot.test.autoconfigure.web.servlet.WebDriverContextCustomizerFactory$Customizer@18ece7f4, org.springframework.boot.test.context.SpringBootTestArgs@1, org.springframework.boot.test.context.SpringBootTestWebEnvironment@3aefe5e5], contextLoader = 'org.springframework.boot.test.context.SpringBootContextLoader', parent = [null]], attributes = map['org.springframework.test.context.event.ApplicationEventsTestExecutionListener.recordApplicationEvents' -> false]]].
22:13:03.280 [main] DEBUG org.springframework.test.context.support.TestPropertySourceUtils - Adding inlined properties to environment: {spring.jmx.enabled=false, org.springframework.boot.test.context.SpringBootTestContextBootstrapper=true}

  .   ____          _            __ _ _
 /\\ / ___'_ __ _ _(_)_ __  __ _ \ \ \ \
( ( )\___ | '_ | '_| | '_ \/ _` | \ \ \ \
 \\/  ___)| |_)| | | | | || (_| |  ) ) ) )
  '  |____| .__|_| |_|_| |_\__, | / / / /
 =========|_|==============|___/=/_/_/_/
 :: Spring Boot ::                (v2.4.3)

2021-04-26 22:13:03.531  INFO 10064 --- [           main] c.e.t.service.TicTacToeServiceTest       : Starting TicTacToeServiceTest using Java 11.0.11 on DESKTOP-L8ME254 with PID 10064 (started by Kelso in C:\Users\Kelso\Documents\temp\dev\tic-tac-toe\tictactoe-service)
2021-04-26 22:13:03.533  INFO 10064 --- [           main] c.e.t.service.TicTacToeServiceTest       : No active profile set, falling back to default profiles: default
2021-04-26 22:13:03.823  INFO 10064 --- [           main] c.e.tictactoe.service.TicTacToeService   : board: 3
2021-04-26 22:13:03.876  INFO 10064 --- [           main] c.e.t.service.TicTacToeServiceTest       : Started TicTacToeServiceTest in 0.594 seconds (JVM running for 1.301)
]]></system-out>
  </testcase>
  <testcase name="addElementTest_AddOnPositionAlreadyExist_ShouldThrowError" classname="com.example.tictactoe.service.TicTacToeServiceTest" time="0.003">
    <failure message="expected: &lt;POSITION_ALREADY_EXIST_ERROR&gt; but was: &lt;X_FIRST_ERROR&gt;" type="org.opentest4j.AssertionFailedError"><![CDATA[org.opentest4j.AssertionFailedError: expected: <POSITION_ALREADY_EXIST_ERROR> but was: <X_FIRST_ERROR>
	at com.example.tictactoe.service.TicTacToeServiceTest.addElementTest_AddOnPositionAlreadyExist_ShouldThrowError(TicTacToeServiceTest.java:45)
]]></failure>
    <system-out><![CDATA[2021-04-26 22:13:04.146 ERROR 10064 --- [           main] c.e.tictactoe.service.TicTacToeService   : X must be the first element to be played - received: [O]
]]></system-out>
  </testcase>
  <testcase name="addElementTest_AddOnPositionDoesNotExist_ShouldThrowError" classname="com.example.tictactoe.service.TicTacToeServiceTest" time="0.002">
    <failure message="expected: &lt;POSITION_DOES_NOT_EXIST_ERROR&gt; but was: &lt;X_FIRST_ERROR&gt;" type="org.opentest4j.AssertionFailedError"><![CDATA[org.opentest4j.AssertionFailedError: expected: <POSITION_DOES_NOT_EXIST_ERROR> but was: <X_FIRST_ERROR>
	at com.example.tictactoe.service.TicTacToeServiceTest.addElementTest_AddOnPositionDoesNotExist_ShouldThrowError(TicTacToeServiceTest.java:51)
]]></failure>
    <system-out><![CDATA[2021-04-26 22:13:04.151 ERROR 10064 --- [           main] c.e.tictactoe.service.TicTacToeService   : X must be the first element to be played - received: [O]
]]></system-out>
  </testcase>
  <testcase name="addElementTest_EmptyBoardAndAddO_ShouldThrowError" classname="com.example.tictactoe.service.TicTacToeServiceTest" time="0.002"/>
  <testcase name="addElementTest_EmptyBoardAndAddX_ShouldBeSuccessful" classname="com.example.tictactoe.service.TicTacToeServiceTest" time="0.002">
    <failure message="expected: &lt;true&gt; but was: &lt;false&gt;" type="org.opentest4j.AssertionFailedError"><![CDATA[org.opentest4j.AssertionFailedError: expected: <true> but was: <false>
	at com.example.tictactoe.service.TicTacToeServiceTest.addElementTest_EmptyBoardAndAddX_ShouldBeSuccessful(TicTacToeServiceTest.java:21)
]]></failure>
  </testcase>
  <testcase name="addElementTest_AddOAndIsOTurn_ShouldThrowError" classname="com.example.tictactoe.service.TicTacToeServiceTest" time="0.003">
    <failure message="expected: &lt;O_TURN_ERROR&gt; but was: &lt;X_FIRST_ERROR&gt;" type="org.opentest4j.AssertionFailedError"><![CDATA[org.opentest4j.AssertionFailedError: expected: <O_TURN_ERROR> but was: <X_FIRST_ERROR>
	at com.example.tictactoe.service.TicTacToeServiceTest.addElementTest_AddOAndIsOTurn_ShouldThrowError(TicTacToeServiceTest.java:39)
]]></failure>
    <system-out><![CDATA[2021-04-26 22:13:04.159 ERROR 10064 --- [           main] c.e.tictactoe.service.TicTacToeService   : X must be the first element to be played - received: [O]
]]></system-out>
  </testcase>
</testsuite>