<?xml version="1.0" encoding="UTF-8"?>
<testsuite xmlns:xsi="http://www.w3.org/2001/XMLSchema-instance" xsi:noNamespaceSchemaLocation="https://maven.apache.org/surefire/maven-surefire-plugin/xsd/surefire-test-report.xsd" name="com.example.tictactoe.service.TicTacToeServiceTest" time="2.634" tests="11" errors="0" skipped="0" failures="0">
  <properties>
[...]
</properties>
  <testcase name="addElementTest_XWinnerByRow_ShouldBeSuccessful" classname="com.example.tictactoe.service.TicTacToeServiceTest" time="0.769"/>
  <testcase name="addElementTest_AddXAndIsOTurn_ShouldThrowError" classname="com.example.tictactoe.service.TicTacToeServiceTest" time="0.029"/>
  <testcase name="addElementTest_XWinnerByDiagonal_ShouldBeSuccessful" classname="com.example.tictactoe.service.TicTacToeServiceTest" time="0"/>
  <testcase name="addElementTest_XWinnerByColumn_ShouldBeSuccessful" classname="com.example.tictactoe.service.TicTacToeServiceTest" time="0"/>
  <testcase name="addElementTest_AddOnPositionAlreadyExist_ShouldThrowError" classname="com.example.tictactoe.service.TicTacToeServiceTest" time="0.019"/>
  <testcase name="addElementTest_ShouldBeDraw" classname="com.example.tictactoe.service.TicTacToeServiceTest" time="0"/>
  <testcase name="addElementTest_AddOAndIsXTurn_ShouldThrowError" classname="com.example.tictactoe.service.TicTacToeServiceTest" time="0.018"/>
  <testcase name="addElementTest_XWinnerByAntiDiagonal_ShouldBeSuccessful" classname="com.example.tictactoe.service.TicTacToeServiceTest" time="0"/>
  <testcase name="addElementTest_AddOnPositionDoesNotExist_ShouldThrowError" classname="com.example.tictactoe.service.TicTacToeServiceTest" time="0"/>
  <testcase name="addElementTest_EmptyBoardAndAddO_ShouldThrowError" classname="com.example.tictactoe.service.TicTacToeServiceTest" time="0.014"/>
  <testcase name="addElementTest_EmptyBoardAndAddX_ShouldBeSuccessful" classname="com.example.tictactoe.service.TicTacToeServiceTest" time="0.003"/>
</testsuite>